05-05 09:47:57.435 DEBUG Thread ind.milo.util.RegUtil.findRex(RegUtil.java:39):正则表达式: ^B?TA6.0V.{13}$, 文本: 
M202204241080
202204240426
T202204240653
 
 
新增
TA6.0V202202.05.000
理财登记过户6.0
石世特
05-05 09:47:57.449 DEBUG Thread ind.milo.util.RegUtil.findRex(RegUtil.java:43):结果: TA6.0V202202.05.000
05-05 09:47:57.449 DEBUG Thread ind.milo.util.RegUtil.findRex(RegUtil.java:39):正则表达式: ^\d{12}$, 文本: 
M202204241080
202204240426
T202204240653
 
 
新增
TA6.0V202202.05.000
理财登记过户6.0
石世特
05-05 09:47:57.450 DEBUG Thread ind.milo.util.RegUtil.findRex(RegUtil.java:43):结果: 202204240426
05-05 09:47:57.450 DEBUG Thread ind.milo.util.RegUtil.findRex(RegUtil.java:39):正则表达式: ^M\d{12}$, 文本: 
M202204241080
202204240426
T202204240653
 
 
新增
TA6.0V202202.05.000
理财登记过户6.0
石世特
05-05 09:47:57.451 DEBUG Thread ind.milo.util.RegUtil.findRex(RegUtil.java:43):结果: M202204241080
05-05 09:48:17.092 DEBUG Thread ind.milo.util.RegUtil.findRex(RegUtil.java:39):正则表达式: ^B?TA6.0V.{13}$, 文本: 
M202204241080
202204240426
T202204240653
 
 
新增
TA6.0V202202.05.000
理财登记过户6.0
石世特
05-05 09:48:17.092 DEBUG Thread ind.milo.util.RegUtil.findRex(RegUtil.java:43):结果: TA6.0V202202.05.000
05-05 09:48:17.092 DEBUG Thread ind.milo.util.RegUtil.findRex(RegUtil.java:39):正则表达式: ^\d{12}$, 文本: 
M202204241080
202204240426
T202204240653
 
 
新增
TA6.0V202202.05.000
理财登记过户6.0
石世特
05-05 09:48:17.093 DEBUG Thread ind.milo.util.RegUtil.findRex(RegUtil.java:43):结果: 202204240426
05-05 09:48:17.093 DEBUG Thread ind.milo.util.RegUtil.findRex(RegUtil.java:39):正则表达式: ^M\d{12}$, 文本: 
M202204241080
202204240426
T202204240653
 
 
新增
TA6.0V202202.05.000
理财登记过户6.0
石世特
05-05 09:48:17.093 DEBUG Thread ind.milo.util.RegUtil.findRex(RegUtil.java:43):结果: M202204241080
05-05 09:54:26.867 DEBUG Thread ind.milo.util.RegUtil.findRex(RegUtil.java:39):正则表达式: ^B?TA6.0V.{13}$, 文本:M202204251597
202204220765
T202204250387
 
 
新增
TA6.0V202202.05.000
理财登记过户6.0
章磊
2022-05-31
任务
05-05 09:54:26.868 DEBUG Thread ind.milo.util.RegUtil.findRex(RegUtil.java:43):结果: TA6.0V202202.05.000
05-05 09:54:26.868 DEBUG Thread ind.milo.util.RegUtil.findRex(RegUtil.java:39):正则表达式: ^\d{12}$, 文本:M202204251597
202204220765
T202204250387
 
 
新增
TA6.0V202202.05.000
理财登记过户6.0
章磊
2022-05-31
任务
05-05 09:54:26.869 DEBUG Thread ind.milo.util.RegUtil.findRex(RegUtil.java:43):结果: 202204220765
05-05 09:54:26.869 DEBUG Thread ind.milo.util.RegUtil.findRex(RegUtil.java:39):正则表达式: ^M\d{12}$, 文本:M202204251597
202204220765
T202204250387
 
 
新增
TA6.0V202202.05.000
理财登记过户6.0
章磊
2022-05-31
任务
05-05 09:54:26.869 DEBUG Thread ind.milo.util.RegUtil.findRex(RegUtil.java:43):结果: M202204251597
05-05 13:22:50.600 DEBUG Thread ind.milo.util.RegUtil.findRex(RegUtil.java:39):正则表达式: ^B?TA6.0V.{13}$, 文本:M202204220984
202204220355
T202204220332
 
 
新增
TA6.0V202202.05.000
理财登记过户6.0
章磊

05-05 13:22:50.603 DEBUG Thread ind.milo.util.RegUtil.findRex(RegUtil.java:43):结果: TA6.0V202202.05.000
05-05 13:22:50.604 DEBUG Thread ind.milo.util.RegUtil.findRex(RegUtil.java:39):正则表达式: ^\d{12}$, 文本:M202204220984
202204220355
T202204220332
 
 
新增
TA6.0V202202.05.000
理财登记过户6.0
章磊

05-05 13:22:50.604 DEBUG Thread ind.milo.util.RegUtil.findRex(RegUtil.java:43):结果: 202204220355
05-05 13:22:50.604 DEBUG Thread ind.milo.util.RegUtil.findRex(RegUtil.java:39):正则表达式: ^M\d{12}$, 文本:M202204220984
202204220355
T202204220332
 
 
新增
TA6.0V202202.05.000
理财登记过户6.0
章磊

05-05 13:22:50.604 DEBUG Thread ind.milo.util.RegUtil.findRex(RegUtil.java:43):结果: M202204220984
